Traceback (most recent call last):
  File "/opt/homebrew/Caskroom/miniforge/base/envs/jupyter-book/lib/python3.9/site-packages/jupyter_cache/executors/utils.py", line 51, in single_nb_execution
    executenb(
  File "/opt/homebrew/Caskroom/miniforge/base/envs/jupyter-book/lib/python3.9/site-packages/nbclient/client.py", line 1112, in execute
    return NotebookClient(nb=nb, resources=resources, km=km, **kwargs).execute()
  File "/opt/homebrew/Caskroom/miniforge/base/envs/jupyter-book/lib/python3.9/site-packages/nbclient/util.py", line 74, in wrapped
    return just_run(coro(*args, **kwargs))
  File "/opt/homebrew/Caskroom/miniforge/base/envs/jupyter-book/lib/python3.9/site-packages/nbclient/util.py", line 53, in just_run
    return loop.run_until_complete(coro)
  File "/opt/homebrew/Caskroom/miniforge/base/envs/jupyter-book/lib/python3.9/asyncio/base_events.py", line 642, in run_until_complete
    return future.result()
  File "/opt/homebrew/Caskroom/miniforge/base/envs/jupyter-book/lib/python3.9/site-packages/nbclient/client.py", line 553, in async_execute
    await self.async_execute_cell(
  File "/opt/homebrew/Caskroom/miniforge/base/envs/jupyter-book/lib/python3.9/site-packages/nbclient/client.py", line 857, in async_execute_cell
    self._check_raise_for_error(cell, exec_reply)
  File "/opt/homebrew/Caskroom/miniforge/base/envs/jupyter-book/lib/python3.9/site-packages/nbclient/client.py", line 760, in _check_raise_for_error
    raise CellExecutionError.from_cell_and_msg(cell, exec_reply_content)
nbclient.exceptions.CellExecutionError: An error occurred while executing the following cell:
------------------
from hycastle.icu_store.retro import retro_dataset
from hycastle.icu_store.live import live_dataset # <-- includes PII

ward = 'T03'
------------------

[0;31m---------------------------------------------------------------------------[0m
[0;31mModuleNotFoundError[0m                       Traceback (most recent call last)
Input [0;32mIn [1][0m, in [0;36m<module>[0;34m[0m
[0;32m----> 1[0m [38;5;28;01mfrom[39;00m [38;5;21;01mhycastle[39;00m[38;5;21;01m.[39;00m[38;5;21;01micu_store[39;00m[38;5;21;01m.[39;00m[38;5;21;01mretro[39;00m [38;5;28;01mimport[39;00m retro_dataset
[1;32m      2[0m [38;5;28;01mfrom[39;00m [38;5;21;01mhycastle[39;00m[38;5;21;01m.[39;00m[38;5;21;01micu_store[39;00m[38;5;21;01m.[39;00m[38;5;21;01mlive[39;00m [38;5;28;01mimport[39;00m live_dataset [38;5;66;03m# <-- includes PII[39;00m
[1;32m      4[0m ward [38;5;241m=[39m [38;5;124m'[39m[38;5;124mT03[39m[38;5;124m'[39m

[0;31mModuleNotFoundError[0m: No module named 'hycastle'
<class 'ModuleNotFoundError'>: No module named 'hycastle'

